This is XeTeX, Version 3.14159265-2.6-0.99999 (MiKTeX 2.9.6745 64-bit) (preloaded format=xelatex 2018.8.6)  6 AUG 2018 10:55
entering extended mode
**./template.tex
(template.tex
LaTeX2e <2018-04-01> patch level 5
(twentysecondcv.cls
Document Class: twentysecondcv 2015/02/28 CV class

("C:\Users\ga010342\AppData\Local\Programs\MiKTeX 2.9\tex\latex\base\article.cl
s"
Document Class: article 2014/09/29 v1.4h Standard LaTeX document class
("C:\Users\ga010342\AppData\Local\Programs\MiKTeX 2.9\tex\latex\base\size10.clo
"
File: size10.clo 2014/09/29 v1.4h Standard LaTeX file (size option)
)
\c@part=\count80
\c@section=\count81
\c@subsection=\count82
\c@subsubsection=\count83
\c@paragraph=\count84
\c@subparagraph=\count85
\c@figure=\count86
\c@table=\count87
\abovecaptionskip=\skip41
\belowcaptionskip=\skip42
\bibindent=\dimen102
)
("C:\Users\ga010342\AppData\Local\Programs\MiKTeX 2.9\tex\latex\fontspec\fontsp
ec.sty"
("C:\Users\ga010342\AppData\Local\Programs\MiKTeX 2.9\tex\latex\l3packages\xpar
se\xparse.sty"
("C:\Users\ga010342\AppData\Local\Programs\MiKTeX 2.9\tex\latex\l3kernel\expl3.
sty"
Package: expl3 2018-06-14 L3 programming layer (loader) 

("C:\Users\ga010342\AppData\Local\Programs\MiKTeX 2.9\tex\latex\l3kernel\expl3-
code.tex"
Package: expl3 2018-06-14 L3 programming layer (code)
\c_max_int=\count88
\l_tmpa_int=\count89
\l_tmpb_int=\count90
\g_tmpa_int=\count91
\g_tmpb_int=\count92
\g__kernel_prg_map_int=\count93
\c_log_iow=\count94
\l_iow_line_count_int=\count95
\l__iow_line_target_int=\count96
\l__iow_one_indent_int=\count97
\l__iow_indent_int=\count98
\c_zero_dim=\dimen103
\c_max_dim=\dimen104
\l_tmpa_dim=\dimen105
\l_tmpb_dim=\dimen106
\g_tmpa_dim=\dimen107
\g_tmpb_dim=\dimen108
\c_zero_skip=\skip43
\c_max_skip=\skip44
\l_tmpa_skip=\skip45
\l_tmpb_skip=\skip46
\g_tmpa_skip=\skip47
\g_tmpb_skip=\skip48
\c_zero_muskip=\muskip10
\c_max_muskip=\muskip11
\l_tmpa_muskip=\muskip12
\l_tmpb_muskip=\muskip13
\g_tmpa_muskip=\muskip14
\g_tmpb_muskip=\muskip15
\l_keys_choice_int=\count99
\l__intarray_loop_int=\count100
\c__intarray_sp_dim=\dimen109
\g__intarray_font_int=\count101
\c__fp_leading_shift_int=\count102
\c__fp_middle_shift_int=\count103
\c__fp_trailing_shift_int=\count104
\c__fp_big_leading_shift_int=\count105
\c__fp_big_middle_shift_int=\count106
\c__fp_big_trailing_shift_int=\count107
\c__fp_Bigg_leading_shift_int=\count108
\c__fp_Bigg_middle_shift_int=\count109
\c__fp_Bigg_trailing_shift_int=\count110
\g__fp_array_int=\count111
\l__fp_array_loop_int=\count112
\l__sort_length_int=\count113
\l__sort_min_int=\count114
\l__sort_top_int=\count115
\l__sort_max_int=\count116
\l__sort_true_max_int=\count117
\l__sort_block_int=\count118
\l__sort_begin_int=\count119
\l__sort_end_int=\count120
\l__sort_A_int=\count121
\l__sort_B_int=\count122
\l__sort_C_int=\count123
\l__tl_analysis_normal_int=\count124
\l__tl_analysis_index_int=\count125
\l__tl_analysis_nesting_int=\count126
\l__tl_analysis_type_int=\count127
\l__regex_internal_a_int=\count128
\l__regex_internal_b_int=\count129
\l__regex_internal_c_int=\count130
\l__regex_balance_int=\count131
\l__regex_group_level_int=\count132
\l__regex_mode_int=\count133
\c__regex_cs_in_class_mode_int=\count134
\c__regex_cs_mode_int=\count135
\l__regex_catcodes_int=\count136
\l__regex_default_catcodes_int=\count137
\c__regex_catcode_L_int=\count138
\c__regex_catcode_O_int=\count139
\c__regex_catcode_A_int=\count140
\c__regex_all_catcodes_int=\count141
\l__regex_show_lines_int=\count142
\l__regex_min_state_int=\count143
\l__regex_max_state_int=\count144
\l__regex_left_state_int=\count145
\l__regex_right_state_int=\count146
\l__regex_capturing_group_int=\count147
\l__regex_min_pos_int=\count148
\l__regex_max_pos_int=\count149
\l__regex_curr_pos_int=\count150
\l__regex_start_pos_int=\count151
\l__regex_success_pos_int=\count152
\l__regex_curr_char_int=\count153
\l__regex_curr_catcode_int=\count154
\l__regex_last_char_int=\count155
\l__regex_case_changed_char_int=\count156
\l__regex_curr_state_int=\count157
\l__regex_step_int=\count158
\l__regex_min_active_int=\count159
\l__regex_max_active_int=\count160
\l__regex_replacement_csnames_int=\count161
\l__regex_match_count_int=\count162
\l__regex_min_submatch_int=\count163
\l__regex_submatch_int=\count164
\l__regex_zeroth_submatch_int=\count165
\g__regex_trace_regex_int=\count166
\c_empty_box=\box26
\l_tmpa_box=\box27
\l_tmpb_box=\box28
\g_tmpa_box=\box29
\g_tmpb_box=\box30
\l__box_top_dim=\dimen110
\l__box_bottom_dim=\dimen111
\l__box_left_dim=\dimen112
\l__box_right_dim=\dimen113
\l__box_top_new_dim=\dimen114
\l__box_bottom_new_dim=\dimen115
\l__box_left_new_dim=\dimen116
\l__box_right_new_dim=\dimen117
\l__box_internal_box=\box31
\l__coffin_internal_box=\box32
\l__coffin_internal_dim=\dimen118
\l__coffin_offset_x_dim=\dimen119
\l__coffin_offset_y_dim=\dimen120
\l__coffin_x_dim=\dimen121
\l__coffin_y_dim=\dimen122
\l__coffin_x_prime_dim=\dimen123
\l__coffin_y_prime_dim=\dimen124
\c_empty_coffin=\box33
\l__coffin_aligned_coffin=\box34
\l__coffin_aligned_internal_coffin=\box35
\l_tmpa_coffin=\box36
\l_tmpb_coffin=\box37
\l__coffin_display_coffin=\box38
\l__coffin_display_coord_coffin=\box39
\l__coffin_display_pole_coffin=\box40
\l__coffin_display_offset_dim=\dimen125
\l__coffin_display_x_dim=\dimen126
\l__coffin_display_y_dim=\dimen127
\g__file_internal_ior=\read1
\l__coffin_bounding_shift_dim=\dimen128
\l__coffin_left_corner_dim=\dimen129
\l__coffin_right_corner_dim=\dimen130
\l__coffin_bottom_corner_dim=\dimen131
\l__coffin_top_corner_dim=\dimen132
\l__coffin_scaled_total_height_dim=\dimen133
\l__coffin_scaled_width_dim=\dimen134
)
("C:\Users\ga010342\AppData\Local\Programs\MiKTeX 2.9\tex\latex\l3kernel\l3xdvi
pdfmx.def"
File: l3xdvidpfmx.def 2018-06-14 v L3 Experimental driver: xdvipdfmx
\g__driver_image_int=\count167
))
Package: xparse 2018-05-12 L3 Experimental document command parser
\l__xparse_current_arg_int=\count168
\g__xparse_grabber_int=\count169
\l__xparse_m_args_int=\count170
\l__xparse_mandatory_args_int=\count171
\l__xparse_v_nesting_int=\count172
)
Package: fontspec 2018/07/30 vv2.6h Font selection for XeLaTeX and LuaLaTeX

("C:\Users\ga010342\AppData\Local\Programs\MiKTeX 2.9\tex\latex\fontspec\fontsp
ec-xetex.sty"
Package: fontspec-xetex 2018/07/30 vv2.6h Font selection for XeLaTeX and LuaLaT
eX
\l__fontspec_script_int=\count173
\l__fontspec_language_int=\count174
\l__fontspec_strnum_int=\count175
\l__fontspec_tmp_int=\count176
\l__fontspec_em_int=\count177
\l__fontspec_emdef_int=\count178
\l__fontspec_strong_int=\count179
\l__fontspec_strongdef_int=\count180
\l__fontspec_tmpa_dim=\dimen135
\l__fontspec_tmpb_dim=\dimen136
\l__fontspec_tmpc_dim=\dimen137

("C:\Users\ga010342\AppData\Local\Programs\MiKTeX 2.9\tex\latex\base\fontenc.st
y"
Package: fontenc 2017/04/05 v2.0i Standard LaTeX package

("C:\Users\ga010342\AppData\Local\Programs\MiKTeX 2.9\tex\latex\base\tuenc.def"
File: tuenc.def 2017/04/05 v2.0i Standard LaTeX file
LaTeX Font Info:    Redeclaring font encoding TU on input line 82.
))
.................................................
. LaTeX info: "xparse/define-command"
. 
. Defining command \fontspec with sig. 'O{}mO{}' on line 561.
.................................................
.................................................
. LaTeX info: "xparse/define-command"
. 
. Defining command \setmainfont with sig. 'O{}mO{}' on line 566.
.................................................
.................................................
. LaTeX info: "xparse/define-command"
. 
. Defining command \setsansfont with sig. 'O{}mO{}' on line 571.
.................................................
.................................................
. LaTeX info: "xparse/define-command"
. 
. Defining command \setmonofont with sig. 'O{}mO{}' on line 576.
.................................................
.................................................
. LaTeX info: "xparse/define-command"
. 
. Defining command \setmathrm with sig. 'O{}mO{}' on line 580.
.................................................
.................................................
. LaTeX info: "xparse/define-command"
. 
. Defining command \setboldmathrm with sig. 'O{}mO{}' on line 584.
.................................................
.................................................
. LaTeX info: "xparse/define-command"
. 
. Defining command \setmathsf with sig. 'O{}mO{}' on line 588.
.................................................
.................................................
. LaTeX info: "xparse/define-command"
. 
. Defining command \setmathtt with sig. 'O{}mO{}' on line 592.
.................................................
.................................................
. LaTeX info: "xparse/define-command"
. 
. Defining command \setromanfont with sig. 'O{}mO{}' on line 596.
.................................................
.................................................
. LaTeX info: "xparse/define-command"
. 
. Defining command \newfontfamily with sig. 'mO{}mO{}' on line 600.
.................................................
.................................................
. LaTeX info: "xparse/define-command"
. 
. Defining command \renewfontfamily with sig. 'mO{}mO{}' on line 604.
.................................................
.................................................
. LaTeX info: "xparse/define-command"
. 
. Defining command \setfontfamily with sig. 'mO{}mO{}' on line 608.
.................................................
.................................................
. LaTeX info: "xparse/define-command"
. 
. Defining command \newfontface with sig. 'mO{}mO{}' on line 612.
.................................................
.................................................
. LaTeX info: "xparse/define-command"
. 
. Defining command \defaultfontfeatures with sig. 't+om' on line 619.
.................................................
.................................................
. LaTeX info: "xparse/define-command"
. 
. Defining command \addfontfeatures with sig. 'm' on line 623.
.................................................
.................................................
. LaTeX info: "xparse/define-command"
. 
. Defining command \addfontfeature with sig. 'm' on line 627.
.................................................
.................................................
. LaTeX info: "xparse/define-command"
. 
. Defining command \newfontfeature with sig. 'mm' on line 631.
.................................................
.................................................
. LaTeX info: "xparse/define-command"
. 
. Defining command \newAATfeature with sig. 'mmmm' on line 635.
.................................................
.................................................
. LaTeX info: "xparse/define-command"
. 
. Defining command \newopentypefeature with sig. 'mmm' on line 639.
.................................................
.................................................
. LaTeX info: "xparse/define-command"
. 
. Defining command \newICUfeature with sig. 'mmm' on line 643.
.................................................
.................................................
. LaTeX info: "xparse/define-command"
. 
. Defining command \aliasfontfeature with sig. 'mm' on line 647.
.................................................
.................................................
. LaTeX info: "xparse/define-command"
. 
. Defining command \aliasfontfeatureoption with sig. 'mmm' on line 651.
.................................................
.................................................
. LaTeX info: "xparse/define-command"
. 
. Defining command \newfontscript with sig. 'mm' on line 655.
.................................................
.................................................
. LaTeX info: "xparse/define-command"
. 
. Defining command \newfontlanguage with sig. 'mm' on line 659.
.................................................
.................................................
. LaTeX info: "xparse/define-command"
. 
. Defining command \DeclareFontExtensions with sig. 'm' on line 663.
.................................................
.................................................
. LaTeX info: "xparse/define-command"
. 
. Defining command \IfFontFeatureActiveTF with sig. 'mmm' on line 667.
.................................................
.................................................
. LaTeX info: "xparse/define-command"
. 
. Defining command \EncodingCommand with sig. 'mO{}m' on line 3655.
.................................................
.................................................
. LaTeX info: "xparse/define-command"
. 
. Defining command \EncodingAccent with sig. 'mm' on line 3661.
.................................................
.................................................
. LaTeX info: "xparse/define-command"
. 
. Defining command \EncodingSymbol with sig. 'mm' on line 3667.
.................................................
.................................................
. LaTeX info: "xparse/define-command"
. 
. Defining command \EncodingComposite with sig. 'mmm' on line 3673.
.................................................
.................................................
. LaTeX info: "xparse/define-command"
. 
. Defining command \EncodingCompositeCommand with sig. 'mmm' on line 3679.
.................................................
.................................................
. LaTeX info: "xparse/define-command"
. 
. Defining command \DeclareUnicodeEncoding with sig. 'mm' on line 3704.
.................................................
.................................................
. LaTeX info: "xparse/define-command"
. 
. Defining command \UndeclareSymbol with sig. 'm' on line 3710.
.................................................
.................................................
. LaTeX info: "xparse/define-command"
. 
. Defining command \UndeclareAccent with sig. 'm' on line 3716.
.................................................
.................................................
. LaTeX info: "xparse/define-command"
. 
. Defining command \UndeclareCommand with sig. 'm' on line 3722.
.................................................
.................................................
. LaTeX info: "xparse/define-command"
. 
. Defining command \UndeclareComposite with sig. 'mm' on line 3729.
.................................................

("C:\Users\ga010342\AppData\Local\Programs\MiKTeX 2.9\tex\latex\fontspec\fontsp
ec.cfg")
LaTeX Info: Redefining \itshape on input line 3910.
LaTeX Info: Redefining \slshape on input line 3915.
LaTeX Info: Redefining \scshape on input line 3920.
LaTeX Info: Redefining \upshape on input line 3925.
LaTeX Info: Redefining \em on input line 3955.
LaTeX Info: Redefining \emph on input line 3980.
LaTeX Info: Redefining \- on input line 4034.
.................................................
. LaTeX info: "xparse/redefine-command"
. 
. Redefining command \oldstylenums with sig. 'm' on line 4129.
.................................................
.................................................
. LaTeX info: "xparse/define-command"
. 
. Defining command \liningnums with sig. 'm' on line 4133.
.................................................
))
("C:\Users\ga010342\AppData\Local\Programs\MiKTeX 2.9\tex\latex\clearsans\Clear
Sans.sty"
Package: ClearSans 2014/03/16 (Bob Tennent) Supports Clear-Sans fonts for all L
aTeX engines.

("C:\Users\ga010342\AppData\Local\Programs\MiKTeX 2.9\tex\generic\ifxetex\ifxet
ex.sty"
Package: ifxetex 2010/09/12 v0.6 Provides ifxetex conditional
)
("C:\Users\ga010342\AppData\Local\Programs\MiKTeX 2.9\tex\generic\oberdiek\iflu
atex.sty"
Package: ifluatex 2016/05/16 v1.4 Provides the ifluatex switch (HO)
Package ifluatex Info: LuaTeX not detected.
)
("C:\Users\ga010342\AppData\Local\Programs\MiKTeX 2.9\tex\latex\xkeyval\xkeyval
.sty"
Package: xkeyval 2014/12/03 v2.7a package option processing (HA)

("C:\Users\ga010342\AppData\Local\Programs\MiKTeX 2.9\tex\generic\xkeyval\xkeyv
al.tex"
("C:\Users\ga010342\AppData\Local\Programs\MiKTeX 2.9\tex\generic\xkeyval\xkvut
ils.tex"
\XKV@toks=\toks14
\XKV@tempa@toks=\toks15

("C:\Users\ga010342\AppData\Local\Programs\MiKTeX 2.9\tex\generic\xkeyval\keyva
l.tex"))
\XKV@depth=\count181
File: xkeyval.tex 2014/12/03 v2.7a key=value parser (HA)
))
("C:\Users\ga010342\AppData\Local\Programs\MiKTeX 2.9\tex\latex\base\textcomp.s
ty"
Package: textcomp 2017/04/05 v2.0i Standard LaTeX package
Package textcomp Info: Sub-encoding information:
(textcomp)               5 = only ISO-Adobe without \textcurrency
(textcomp)               4 = 5 + \texteuro
(textcomp)               3 = 4 + \textohm
(textcomp)               2 = 3 + \textestimated + \textcurrency
(textcomp)               1 = TS1 - \textcircled - \t
(textcomp)               0 = TS1 (full)
(textcomp)             Font families with sub-encoding setting implement
(textcomp)             only a restricted character set as indicated.
(textcomp)             Family '?' is the default used for unknown fonts.
(textcomp)             See the documentation for details.
Package textcomp Info: Setting ? sub-encoding to TS1/1 on input line 79.

("C:\Users\ga010342\AppData\Local\Programs\MiKTeX 2.9\tex\latex\base\ts1enc.def
"
File: ts1enc.def 2001/06/05 v3.0e (jk/car/fm) Standard LaTeX file
)
LaTeX Info: Redefining \oldstylenums on input line 334.
Package textcomp Info: Setting cmr sub-encoding to TS1/0 on input line 349.
Package textcomp Info: Setting cmss sub-encoding to TS1/0 on input line 350.
Package textcomp Info: Setting cmtt sub-encoding to TS1/0 on input line 351.
Package textcomp Info: Setting cmvtt sub-encoding to TS1/0 on input line 352.
Package textcomp Info: Setting cmbr sub-encoding to TS1/0 on input line 353.
Package textcomp Info: Setting cmtl sub-encoding to TS1/0 on input line 354.
Package textcomp Info: Setting ccr sub-encoding to TS1/0 on input line 355.
Package textcomp Info: Setting ptm sub-encoding to TS1/4 on input line 356.
Package textcomp Info: Setting pcr sub-encoding to TS1/4 on input line 357.
Package textcomp Info: Setting phv sub-encoding to TS1/4 on input line 358.
Package textcomp Info: Setting ppl sub-encoding to TS1/3 on input line 359.
Package textcomp Info: Setting pag sub-encoding to TS1/4 on input line 360.
Package textcomp Info: Setting pbk sub-encoding to TS1/4 on input line 361.
Package textcomp Info: Setting pnc sub-encoding to TS1/4 on input line 362.
Package textcomp Info: Setting pzc sub-encoding to TS1/4 on input line 363.
Package textcomp Info: Setting bch sub-encoding to TS1/4 on input line 364.
Package textcomp Info: Setting put sub-encoding to TS1/5 on input line 365.
Package textcomp Info: Setting uag sub-encoding to TS1/5 on input line 366.
Package textcomp Info: Setting ugq sub-encoding to TS1/5 on input line 367.
Package textcomp Info: Setting ul8 sub-encoding to TS1/4 on input line 368.
Package textcomp Info: Setting ul9 sub-encoding to TS1/4 on input line 369.
Package textcomp Info: Setting augie sub-encoding to TS1/5 on input line 370.
Package textcomp Info: Setting dayrom sub-encoding to TS1/3 on input line 371.
Package textcomp Info: Setting dayroms sub-encoding to TS1/3 on input line 372.

Package textcomp Info: Setting pxr sub-encoding to TS1/0 on input line 373.
Package textcomp Info: Setting pxss sub-encoding to TS1/0 on input line 374.
Package textcomp Info: Setting pxtt sub-encoding to TS1/0 on input line 375.
Package textcomp Info: Setting txr sub-encoding to TS1/0 on input line 376.
Package textcomp Info: Setting txss sub-encoding to TS1/0 on input line 377.
Package textcomp Info: Setting txtt sub-encoding to TS1/0 on input line 378.
Package textcomp Info: Setting lmr sub-encoding to TS1/0 on input line 379.
Package textcomp Info: Setting lmdh sub-encoding to TS1/0 on input line 380.
Package textcomp Info: Setting lmss sub-encoding to TS1/0 on input line 381.
Package textcomp Info: Setting lmssq sub-encoding to TS1/0 on input line 382.
Package textcomp Info: Setting lmvtt sub-encoding to TS1/0 on input line 383.
Package textcomp Info: Setting lmtt sub-encoding to TS1/0 on input line 384.
Package textcomp Info: Setting qhv sub-encoding to TS1/0 on input line 385.
Package textcomp Info: Setting qag sub-encoding to TS1/0 on input line 386.
Package textcomp Info: Setting qbk sub-encoding to TS1/0 on input line 387.
Package textcomp Info: Setting qcr sub-encoding to TS1/0 on input line 388.
Package textcomp Info: Setting qcs sub-encoding to TS1/0 on input line 389.
Package textcomp Info: Setting qpl sub-encoding to TS1/0 on input line 390.
Package textcomp Info: Setting qtm sub-encoding to TS1/0 on input line 391.
Package textcomp Info: Setting qzc sub-encoding to TS1/0 on input line 392.
Package textcomp Info: Setting qhvc sub-encoding to TS1/0 on input line 393.
Package textcomp Info: Setting futs sub-encoding to TS1/4 on input line 394.
Package textcomp Info: Setting futx sub-encoding to TS1/4 on input line 395.
Package textcomp Info: Setting futj sub-encoding to TS1/4 on input line 396.
Package textcomp Info: Setting hlh sub-encoding to TS1/3 on input line 397.
Package textcomp Info: Setting hls sub-encoding to TS1/3 on input line 398.
Package textcomp Info: Setting hlst sub-encoding to TS1/3 on input line 399.
Package textcomp Info: Setting hlct sub-encoding to TS1/5 on input line 400.
Package textcomp Info: Setting hlx sub-encoding to TS1/5 on input line 401.
Package textcomp Info: Setting hlce sub-encoding to TS1/5 on input line 402.
Package textcomp Info: Setting hlcn sub-encoding to TS1/5 on input line 403.
Package textcomp Info: Setting hlcw sub-encoding to TS1/5 on input line 404.
Package textcomp Info: Setting hlcf sub-encoding to TS1/5 on input line 405.
Package textcomp Info: Setting pplx sub-encoding to TS1/3 on input line 406.
Package textcomp Info: Setting pplj sub-encoding to TS1/3 on input line 407.
Package textcomp Info: Setting ptmx sub-encoding to TS1/4 on input line 408.
Package textcomp Info: Setting ptmj sub-encoding to TS1/4 on input line 409.
)
Requested font "[ClearSans-Regular.ttf]/OT" at 10.0pt
 -> C:/Users/ga010342/AppData/Local/Programs/MiKTeX 2.9/fonts/truetype/intel/cl
earsans/ClearSans-Regular.ttf
Requested font "[ClearSans-Bold.ttf]/OT" at 10.0pt
 -> C:/Users/ga010342/AppData/Local/Programs/MiKTeX 2.9/fonts/truetype/intel/cl
earsans/ClearSans-Bold.ttf
Requested font "[ClearSans-Italic.ttf]/OT" at 10.0pt
 -> C:/Users/ga010342/AppData/Local/Programs/MiKTeX 2.9/fonts/truetype/intel/cl
earsans/ClearSans-Italic.ttf
Requested font "[ClearSans-BoldItalic.ttf]/OT" at 10.0pt
 -> C:/Users/ga010342/AppData/Local/Programs/MiKTeX 2.9/fonts/truetype/intel/cl
earsans/ClearSans-BoldItalic.ttf
LaTeX Info: Redefining \sffamily on input line 60.
.................................................
. LaTeX info: "xparse/define-command"
. 
. Defining command \clear with sig. '' on line 69.
.................................................
Requested font "[ClearSans-Light.ttf]/OT" at 10.0pt
 -> C:/Users/ga010342/AppData/Local/Programs/MiKTeX 2.9/fonts/truetype/intel/cl
earsans/ClearSans-Light.ttf
.................................................
. LaTeX info: "xparse/define-command"
. 
. Defining command \clearlight with sig. '' on line 75.
.................................................
Requested font "[ClearSans-Thin.ttf]/OT" at 10.0pt
 -> C:/Users/ga010342/AppData/Local/Programs/MiKTeX 2.9/fonts/truetype/intel/cl
earsans/ClearSans-Thin.ttf
.................................................
. LaTeX info: "xparse/define-command"
. 
. Defining command \clearthin with sig. '' on line 81.
.................................................
)
("C:\Users\ga010342\AppData\Local\Programs\MiKTeX 2.9\tex\latex\pstricks\pstric
ks.sty"
Package: pstricks 2018/01/06 v0.67 LaTeX wrapper for `PSTricks' (RN,HV)

("C:\Users\ga010342\AppData\Local\Programs\MiKTeX 2.9\tex\latex\iftex\iftex.sty
"
Package: iftex 2013/04/04 v0.2 Provides if(tex) conditional for PDFTeX, XeTeX, 
and LuaTeX
)
("C:\Users\ga010342\AppData\Local\Programs\MiKTeX 2.9\tex\latex\tools\shellesc.
sty"
Package: shellesc 2016/06/07 v0.02a unified shell escape interface for LaTeX
Package shellesc Info: Restricted shell escape enabled on input line 69.
)
("C:\Users\ga010342\AppData\Local\Programs\MiKTeX 2.9\tex\latex\xcolor\xcolor.s
ty"
Package: xcolor 2016/05/11 v2.12 LaTeX color extensions (UK)

("C:\Users\ga010342\AppData\Local\Programs\MiKTeX 2.9\tex\latex\graphics-cfg\co
lor.cfg"
File: color.cfg 2016/01/02 v1.6 sample color configuration
)
Package xcolor Info: Driver file: xetex.def on input line 225.

("C:\Users\ga010342\AppData\Local\Programs\MiKTeX 2.9\tex\latex\graphics-def\xe
tex.def"
File: xetex.def 2017/06/24 v5.0h Graphics/color driver for xetex
)
Package xcolor Info: Model `cmy' substituted by `cmy0' on input line 1348.
Package xcolor Info: Model `RGB' extended on input line 1364.
Package xcolor Info: Model `HTML' substituted by `rgb' on input line 1366.
Package xcolor Info: Model `Hsb' substituted by `hsb' on input line 1367.
Package xcolor Info: Model `tHsb' substituted by `hsb' on input line 1368.
Package xcolor Info: Model `HSB' substituted by `hsb' on input line 1369.
Package xcolor Info: Model `Gray' substituted by `gray' on input line 1370.
Package xcolor Info: Model `wave' substituted by `hsb' on input line 1371.
)
("C:\Users\ga010342\AppData\Local\Programs\MiKTeX 2.9\tex\generic\xkeyval\pst-x
key.tex"
File: pst-xkey.tex 2005/11/25 v1.6 PSTricks specialization of xkeyval (HA)
)
("C:\Users\ga010342\AppData\Local\Programs\MiKTeX 2.9\tex\generic\pstricks\pstr
icks.tex"
("C:\Users\ga010342\AppData\Local\Programs\MiKTeX 2.9\tex\generic\pstricks\pst-
fp.tex" `pst-fp' v0.05, 2010/01/17 (hv)
\pstFP@xs=\count182
\pstFP@xia=\count183
\pstFP@xib=\count184
\pstFP@xfa=\count185
\pstFP@xfb=\count186
\pstFP@rega=\count187
\pstFP@regb=\count188
\pstFP@regs=\count189
\pstFP@times=\count190
)
("C:\Users\ga010342\AppData\Local\Programs\MiKTeX 2.9\tex\generic\pgf\utilities
\pgfutil-common.tex"
\pgfutil@everybye=\toks16
\pgfutil@tempdima=\dimen138
\pgfutil@tempdimb=\dimen139

("C:\Users\ga010342\AppData\Local\Programs\MiKTeX 2.9\tex\generic\pgf\utilities
\pgfutil-common-lists.tex"))
("C:\Users\ga010342\AppData\Local\Programs\MiKTeX 2.9\tex\generic\pgf\utilities
\pgfkeys.code.tex"
\pgfkeys@pathtoks=\toks17
\pgfkeys@temptoks=\toks18

("C:\Users\ga010342\AppData\Local\Programs\MiKTeX 2.9\tex\generic\pgf\utilities
\pgfkeysfiltered.code.tex"
\pgfkeys@tmptoks=\toks19
))
("C:\Users\ga010342\AppData\Local\Programs\MiKTeX 2.9\tex\generic\pgf\utilities
\pgffor.code.tex"
("C:\Users\ga010342\AppData\Local\Programs\MiKTeX 2.9\tex\generic\pgf\math\pgfm
ath.code.tex"
("C:\Users\ga010342\AppData\Local\Programs\MiKTeX 2.9\tex\generic\pgf\math\pgfm
athcalc.code.tex"
("C:\Users\ga010342\AppData\Local\Programs\MiKTeX 2.9\tex\generic\pgf\math\pgfm
athutil.code.tex"
\pgf@x=\dimen140
\pgf@xa=\dimen141
\pgf@xb=\dimen142
\pgf@xc=\dimen143
\pgf@y=\dimen144
\pgf@ya=\dimen145
\pgf@yb=\dimen146
\pgf@yc=\dimen147
\c@pgf@counta=\count191
\c@pgf@countb=\count192
\c@pgf@countc=\count193
\c@pgf@countd=\count194
\pgfutil@tempcnta=\count195
\pgfutil@tempcntb=\count196
)
("C:\Users\ga010342\AppData\Local\Programs\MiKTeX 2.9\tex\generic\pgf\math\pgfm
athparser.code.tex"
\pgfmath@dimen=\dimen148
\pgfmath@count=\count197
\pgfmath@box=\box41
\pgfmath@toks=\toks20
\pgfmath@stack@operand=\toks21
\pgfmath@stack@operation=\toks22
)
("C:\Users\ga010342\AppData\Local\Programs\MiKTeX 2.9\tex\generic\pgf\math\pgfm
athfunctions.code.tex"
("C:\Users\ga010342\AppData\Local\Programs\MiKTeX 2.9\tex\generic\pgf\math\pgfm
athfunctions.basic.code.tex")
("C:\Users\ga010342\AppData\Local\Programs\MiKTeX 2.9\tex\generic\pgf\math\pgfm
athfunctions.trigonometric.code.tex")
("C:\Users\ga010342\AppData\Local\Programs\MiKTeX 2.9\tex\generic\pgf\math\pgfm
athfunctions.random.code.tex")
("C:\Users\ga010342\AppData\Local\Programs\MiKTeX 2.9\tex\generic\pgf\math\pgfm
athfunctions.comparison.code.tex")
("C:\Users\ga010342\AppData\Local\Programs\MiKTeX 2.9\tex\generic\pgf\math\pgfm
athfunctions.base.code.tex")
("C:\Users\ga010342\AppData\Local\Programs\MiKTeX 2.9\tex\generic\pgf\math\pgfm
athfunctions.round.code.tex")
("C:\Users\ga010342\AppData\Local\Programs\MiKTeX 2.9\tex\generic\pgf\math\pgfm
athfunctions.misc.code.tex")
("C:\Users\ga010342\AppData\Local\Programs\MiKTeX 2.9\tex\generic\pgf\math\pgfm
athfunctions.integerarithmetics.code.tex")))
("C:\Users\ga010342\AppData\Local\Programs\MiKTeX 2.9\tex\generic\pgf\math\pgfm
athfloat.code.tex"
\c@pgfmathroundto@lastzeros=\count198
))
\pgffor@iter=\dimen149
\pgffor@skip=\dimen150
\pgffor@stack=\toks23
\pgffor@toks=\toks24
)
\psLoopIndex=\count199

`PSTricks' v2.85  <2018/07/22> (tvz,hv)
\pst@dima=\dimen151
\pst@dimb=\dimen152
\pst@dimc=\dimen153
\pst@dimd=\dimen154
\pst@dimg=\dimen155
\pst@dimh=\dimen156
\pst@dimm=\dimen157
\pst@dimn=\dimen158
\pst@dimo=\dimen159
\pst@dimp=\dimen160
\pst@hbox=\box42
\pst@ibox=\box43
\pst@boxg=\box44
\pst@cnta=\count266
\pst@cntb=\count267
\pst@cntc=\count268
\pst@cntd=\count269
\pst@cntg=\count270
\pst@cnth=\count271
\pst@cntm=\count272
\pst@cntn=\count273
\pst@cnto=\count274
\pst@cntp=\count275
\@zero=\count276
\pst@toks=\toks25

("C:\Users\ga010342\AppData\Local\Programs\MiKTeX 2.9\tex\xelatex\xetex-pstrick
s\pstricks.con"
("C:\Users\ga010342\AppData\Local\Programs\MiKTeX 2.9\tex\generic\pstricks\xdvi
pdfmx.cfg"))
\psunit=\dimen161
\psxunit=\dimen162
\psyunit=\dimen163
\pst@C@@rType=\count277
\pslinewidth=\dimen164
\psk@startLW=\dimen165
\psk@endLW=\dimen166
\pst@customdefs=\toks26
\pslinearc=\dimen167
\pst@symbolStep=\dimen168
\pst@symbolWidth=\dimen169
\pst@symbolLinewidth=\dimen170
\everypsbox=\toks27
\psframesep=\dimen171
\pslabelsep=\dimen172
\sh@wgridXunit=\dimen173
\sh@wgridYunit=\dimen174
\pst@shift=\dimen175

("C:\Users\ga010342\AppData\Local\Programs\MiKTeX 2.9\tex\xelatex\xetex-pstrick
s\pstricks.con"
("C:\Users\ga010342\AppData\Local\Programs\MiKTeX 2.9\tex\generic\pstricks\xdvi
pdfmx.cfg"
Using PSTricks configuration for XeTeX+xdvipdfmx
)))
File: pstricks.tex 2018/07/22 v2.85 `PSTricks' (tvz,hv)

("C:\Users\ga010342\AppData\Local\Programs\MiKTeX 2.9\tex\generic\pstricks\pst-
fp.tex")
File: pst-fp.tex 2018/07/22 v2.85 `PST-fp' (hv)
)
("C:\Users\ga010342\AppData\Local\Programs\MiKTeX 2.9\tex\latex\fontawesome\fon
tawesome.sty"
Package: fontawesome 2016/05/15 v4.6.3.1 font awesome icons

("C:\Users\ga010342\AppData\Local\Programs\MiKTeX 2.9\tex\latex\fontawesome\fon
tawesomesymbols-generic.tex")
Requested font "FontAwesome" at 10.0pt
 -> C:/Users/ga010342/AppData/Local/Programs/MiKTeX 2.9/fonts/opentype/public/f
ontawesome/FontAwesome.otf
Requested font "FontAwesome/OT" at 10.0pt
 -> C:/Users/ga010342/AppData/Local/Programs/MiKTeX 2.9/fonts/opentype/public/f
ontawesome/FontAwesome.otf
Requested font "FontAwesome/BI/OT" at 10.0pt
 -> C:/Users/ga010342/AppData/Local/Programs/MiKTeX 2.9/fonts/opentype/public/f
ontawesome/FontAwesome.otf
Requested font "FontAwesome/B/OT" at 10.0pt
 -> C:/Users/ga010342/AppData/Local/Programs/MiKTeX 2.9/fonts/opentype/public/f
ontawesome/FontAwesome.otf
Requested font "FontAwesome/I/OT" at 10.0pt
 -> C:/Users/ga010342/AppData/Local/Programs/MiKTeX 2.9/fonts/opentype/public/f
ontawesome/FontAwesome.otf
.................................................
. LaTeX info: "xparse/define-command"
. 
. Defining command \FA with sig. '' on line 46.
.................................................

("C:\Users\ga010342\AppData\Local\Programs\MiKTeX 2.9\tex\latex\fontawesome\fon
tawesomesymbols-xeluatex.tex"))
("C:\Users\ga010342\AppData\Local\Programs\MiKTeX 2.9\tex\latex\pgf\frontendlay
er\tikz.sty"
("C:\Users\ga010342\AppData\Local\Programs\MiKTeX 2.9\tex\latex\pgf\basiclayer\
pgf.sty"
("C:\Users\ga010342\AppData\Local\Programs\MiKTeX 2.9\tex\latex\pgf\utilities\p
gfrcs.sty"
("C:\Users\ga010342\AppData\Local\Programs\MiKTeX 2.9\tex\generic\pgf\utilities
\pgfutil-common.tex"
\pgfutil@everybye=\toks28
\pgfutil@tempdima=\dimen176
\pgfutil@tempdimb=\dimen177

("C:\Users\ga010342\AppData\Local\Programs\MiKTeX 2.9\tex\generic\pgf\utilities
\pgfutil-common-lists.tex"))
("C:\Users\ga010342\AppData\Local\Programs\MiKTeX 2.9\tex\generic\pgf\utilities
\pgfutil-latex.def"
\pgfutil@abb=\box45

("C:\Users\ga010342\AppData\Local\Programs\MiKTeX 2.9\tex\latex\ms\everyshi.sty
"
Package: everyshi 2001/05/15 v3.00 EveryShipout Package (MS)
))
("C:\Users\ga010342\AppData\Local\Programs\MiKTeX 2.9\tex\generic\pgf\utilities
\pgfrcs.code.tex"
Package: pgfrcs 2015/08/07 v3.0.1a (rcs-revision 1.31)
))
Package: pgf 2015/08/07 v3.0.1a (rcs-revision 1.15)

("C:\Users\ga010342\AppData\Local\Programs\MiKTeX 2.9\tex\latex\pgf\basiclayer\
pgfcore.sty"
("C:\Users\ga010342\AppData\Local\Programs\MiKTeX 2.9\tex\latex\graphics\graphi
cx.sty"
Package: graphicx 2017/06/01 v1.1a Enhanced LaTeX Graphics (DPC,SPQR)

("C:\Users\ga010342\AppData\Local\Programs\MiKTeX 2.9\tex\latex\graphics\graphi
cs.sty"
Package: graphics 2017/06/25 v1.2c Standard LaTeX Graphics (DPC,SPQR)

("C:\Users\ga010342\AppData\Local\Programs\MiKTeX 2.9\tex\latex\graphics\trig.s
ty"
Package: trig 2016/01/03 v1.10 sin cos tan (DPC)
)
("C:\Users\ga010342\AppData\Local\Programs\MiKTeX 2.9\tex\latex\graphics-cfg\gr
aphics.cfg"
File: graphics.cfg 2016/06/04 v1.11 sample graphics configuration
)
Package graphics Info: Driver file: xetex.def on input line 99.
)
\Gin@req@height=\dimen178
\Gin@req@width=\dimen179
)
("C:\Users\ga010342\AppData\Local\Programs\MiKTeX 2.9\tex\latex\pgf\systemlayer
\pgfsys.sty"
("C:\Users\ga010342\AppData\Local\Programs\MiKTeX 2.9\tex\generic\pgf\systemlay
er\pgfsys.code.tex"
Package: pgfsys 2014/07/09 v3.0.1a (rcs-revision 1.48)

("C:\Users\ga010342\AppData\Local\Programs\MiKTeX 2.9\tex\generic\pgf\utilities
\pgfkeys.code.tex")
\pgf@x=\dimen180
\pgf@y=\dimen181
\pgf@xa=\dimen182
\pgf@ya=\dimen183
\pgf@xb=\dimen184
\pgf@yb=\dimen185
\pgf@xc=\dimen186
\pgf@yc=\dimen187
\w@pgf@writea=\write3
\r@pgf@reada=\read2
\c@pgf@counta=\count278
\c@pgf@countb=\count279
\c@pgf@countc=\count280
\c@pgf@countd=\count281
\t@pgf@toka=\toks29
\t@pgf@tokb=\toks30
\t@pgf@tokc=\toks31

("C:\Users\ga010342\AppData\Local\Programs\MiKTeX 2.9\tex\generic\pgf\systemlay
er\pgf.cfg"
File: pgf.cfg 2008/05/14  (rcs-revision 1.7)
)
Driver file for pgf: pgfsys-xetex.def

("C:\Users\ga010342\AppData\Local\Programs\MiKTeX 2.9\tex\generic\pgf\systemlay
er\pgfsys-xetex.def"
File: pgfsys-xetex.def 2014/07/09  (rcs-revision 1.11)

("C:\Users\ga010342\AppData\Local\Programs\MiKTeX 2.9\tex\generic\pgf\systemlay
er\pgfsys-dvipdfmx.def"
File: pgfsys-dvipdfmx.def 2014/07/09  (rcs-revision 1.14)

("C:\Users\ga010342\AppData\Local\Programs\MiKTeX 2.9\tex\generic\pgf\systemlay
er\pgfsys-common-pdf.def"
File: pgfsys-common-pdf.def 2013/10/10  (rcs-revision 1.13)
)
\pgfsys@objnum=\count282
)))
("C:\Users\ga010342\AppData\Local\Programs\MiKTeX 2.9\tex\generic\pgf\systemlay
er\pgfsyssoftpath.code.tex"
File: pgfsyssoftpath.code.tex 2013/09/09  (rcs-revision 1.9)
\pgfsyssoftpath@smallbuffer@items=\count283
\pgfsyssoftpath@bigbuffer@items=\count284
)
("C:\Users\ga010342\AppData\Local\Programs\MiKTeX 2.9\tex\generic\pgf\systemlay
er\pgfsysprotocol.code.tex"
File: pgfsysprotocol.code.tex 2006/10/16  (rcs-revision 1.4)
))
("C:\Users\ga010342\AppData\Local\Programs\MiKTeX 2.9\tex\generic\pgf\basiclaye
r\pgfcore.code.tex"
Package: pgfcore 2010/04/11 v3.0.1a (rcs-revision 1.7)

("C:\Users\ga010342\AppData\Local\Programs\MiKTeX 2.9\tex\generic\pgf\math\pgfm
ath.code.tex")
("C:\Users\ga010342\AppData\Local\Programs\MiKTeX 2.9\tex\generic\pgf\basiclaye
r\pgfcorepoints.code.tex"
File: pgfcorepoints.code.tex 2013/10/07  (rcs-revision 1.27)
\pgf@picminx=\dimen188
\pgf@picmaxx=\dimen189
\pgf@picminy=\dimen190
\pgf@picmaxy=\dimen191
\pgf@pathminx=\dimen192
\pgf@pathmaxx=\dimen193
\pgf@pathminy=\dimen194
\pgf@pathmaxy=\dimen195
\pgf@xx=\dimen196
\pgf@xy=\dimen197
\pgf@yx=\dimen198
\pgf@yy=\dimen199
\pgf@zx=\dimen256
\pgf@zy=\dimen257
)
("C:\Users\ga010342\AppData\Local\Programs\MiKTeX 2.9\tex\generic\pgf\basiclaye
r\pgfcorepathconstruct.code.tex"
File: pgfcorepathconstruct.code.tex 2013/10/07  (rcs-revision 1.29)
\pgf@path@lastx=\dimen258
\pgf@path@lasty=\dimen259
)
("C:\Users\ga010342\AppData\Local\Programs\MiKTeX 2.9\tex\generic\pgf\basiclaye
r\pgfcorepathusage.code.tex"
File: pgfcorepathusage.code.tex 2014/11/02  (rcs-revision 1.24)
\pgf@shorten@end@additional=\dimen260
\pgf@shorten@start@additional=\dimen261
)
("C:\Users\ga010342\AppData\Local\Programs\MiKTeX 2.9\tex\generic\pgf\basiclaye
r\pgfcorescopes.code.tex"
File: pgfcorescopes.code.tex 2015/05/08  (rcs-revision 1.46)
\pgfpic=\box46
\pgf@hbox=\box47
\pgf@layerbox@main=\box48
\pgf@picture@serial@count=\count285
)
("C:\Users\ga010342\AppData\Local\Programs\MiKTeX 2.9\tex\generic\pgf\basiclaye
r\pgfcoregraphicstate.code.tex"
File: pgfcoregraphicstate.code.tex 2014/11/02  (rcs-revision 1.12)
\pgflinewidth=\dimen262
)
("C:\Users\ga010342\AppData\Local\Programs\MiKTeX 2.9\tex\generic\pgf\basiclaye
r\pgfcoretransformations.code.tex"
File: pgfcoretransformations.code.tex 2015/08/07  (rcs-revision 1.20)
\pgf@pt@x=\dimen263
\pgf@pt@y=\dimen264
\pgf@pt@temp=\dimen265
)
("C:\Users\ga010342\AppData\Local\Programs\MiKTeX 2.9\tex\generic\pgf\basiclaye
r\pgfcorequick.code.tex"
File: pgfcorequick.code.tex 2008/10/09  (rcs-revision 1.3)
)
("C:\Users\ga010342\AppData\Local\Programs\MiKTeX 2.9\tex\generic\pgf\basiclaye
r\pgfcoreobjects.code.tex"
File: pgfcoreobjects.code.tex 2006/10/11  (rcs-revision 1.2)
)
("C:\Users\ga010342\AppData\Local\Programs\MiKTeX 2.9\tex\generic\pgf\basiclaye
r\pgfcorepathprocessing.code.tex"
File: pgfcorepathprocessing.code.tex 2013/09/09  (rcs-revision 1.9)
)
("C:\Users\ga010342\AppData\Local\Programs\MiKTeX 2.9\tex\generic\pgf\basiclaye
r\pgfcorearrows.code.tex"
File: pgfcorearrows.code.tex 2015/05/14  (rcs-revision 1.43)
\pgfarrowsep=\dimen266
)
("C:\Users\ga010342\AppData\Local\Programs\MiKTeX 2.9\tex\generic\pgf\basiclaye
r\pgfcoreshade.code.tex"
File: pgfcoreshade.code.tex 2013/07/15  (rcs-revision 1.15)
\pgf@max=\dimen267
\pgf@sys@shading@range@num=\count286
)
("C:\Users\ga010342\AppData\Local\Programs\MiKTeX 2.9\tex\generic\pgf\basiclaye
r\pgfcoreimage.code.tex"
File: pgfcoreimage.code.tex 2013/07/15  (rcs-revision 1.18)

("C:\Users\ga010342\AppData\Local\Programs\MiKTeX 2.9\tex\generic\pgf\basiclaye
r\pgfcoreexternal.code.tex"
File: pgfcoreexternal.code.tex 2014/07/09  (rcs-revision 1.21)
\pgfexternal@startupbox=\box49
))
("C:\Users\ga010342\AppData\Local\Programs\MiKTeX 2.9\tex\generic\pgf\basiclaye
r\pgfcorelayers.code.tex"
File: pgfcorelayers.code.tex 2013/07/18  (rcs-revision 1.7)
)
("C:\Users\ga010342\AppData\Local\Programs\MiKTeX 2.9\tex\generic\pgf\basiclaye
r\pgfcoretransparency.code.tex"
File: pgfcoretransparency.code.tex 2013/09/30  (rcs-revision 1.5)
)
("C:\Users\ga010342\AppData\Local\Programs\MiKTeX 2.9\tex\generic\pgf\basiclaye
r\pgfcorepatterns.code.tex"
File: pgfcorepatterns.code.tex 2013/11/07  (rcs-revision 1.5)
)))
("C:\Users\ga010342\AppData\Local\Programs\MiKTeX 2.9\tex\generic\pgf\modules\p
gfmoduleshapes.code.tex"
File: pgfmoduleshapes.code.tex 2014/03/21  (rcs-revision 1.35)
\pgfnodeparttextbox=\box50
)
("C:\Users\ga010342\AppData\Local\Programs\MiKTeX 2.9\tex\generic\pgf\modules\p
gfmoduleplot.code.tex"
File: pgfmoduleplot.code.tex 2015/08/03  (rcs-revision 1.13)
)
("C:\Users\ga010342\AppData\Local\Programs\MiKTeX 2.9\tex\latex\pgf\compatibili
ty\pgfcomp-version-0-65.sty"
Package: pgfcomp-version-0-65 2007/07/03 v3.0.1a (rcs-revision 1.7)
\pgf@nodesepstart=\dimen268
\pgf@nodesepend=\dimen269
)
("C:\Users\ga010342\AppData\Local\Programs\MiKTeX 2.9\tex\latex\pgf\compatibili
ty\pgfcomp-version-1-18.sty"
Package: pgfcomp-version-1-18 2007/07/23 v3.0.1a (rcs-revision 1.1)
))
("C:\Users\ga010342\AppData\Local\Programs\MiKTeX 2.9\tex\latex\pgf\utilities\p
gffor.sty"
("C:\Users\ga010342\AppData\Local\Programs\MiKTeX 2.9\tex\latex\pgf\utilities\p
gfkeys.sty"
("C:\Users\ga010342\AppData\Local\Programs\MiKTeX 2.9\tex\generic\pgf\utilities
\pgfkeys.code.tex"))
("C:\Users\ga010342\AppData\Local\Programs\MiKTeX 2.9\tex\latex\pgf\math\pgfmat
h.sty"
("C:\Users\ga010342\AppData\Local\Programs\MiKTeX 2.9\tex\generic\pgf\math\pgfm
ath.code.tex"))
("C:\Users\ga010342\AppData\Local\Programs\MiKTeX 2.9\tex\generic\pgf\utilities
\pgffor.code.tex"
Package: pgffor 2013/12/13 v3.0.1a (rcs-revision 1.25)

("C:\Users\ga010342\AppData\Local\Programs\MiKTeX 2.9\tex\generic\pgf\math\pgfm
ath.code.tex")
\pgffor@iter=\dimen270
\pgffor@skip=\dimen271
\pgffor@stack=\toks32
\pgffor@toks=\toks33
))
("C:\Users\ga010342\AppData\Local\Programs\MiKTeX 2.9\tex\generic\pgf\frontendl
ayer\tikz\tikz.code.tex"
Package: tikz 2015/08/07 v3.0.1a (rcs-revision 1.151)

("C:\Users\ga010342\AppData\Local\Programs\MiKTeX 2.9\tex\generic\pgf\libraries
\pgflibraryplothandlers.code.tex"
File: pgflibraryplothandlers.code.tex 2013/08/31 v3.0.1a (rcs-revision 1.20)
\pgf@plot@mark@count=\count287
\pgfplotmarksize=\dimen272
)
\tikz@lastx=\dimen273
\tikz@lasty=\dimen274
\tikz@lastxsaved=\dimen275
\tikz@lastysaved=\dimen276
\tikzleveldistance=\dimen277
\tikzsiblingdistance=\dimen278
\tikz@figbox=\box51
\tikz@figbox@bg=\box52
\tikz@tempbox=\box53
\tikz@tempbox@bg=\box54
\tikztreelevel=\count288
\tikznumberofchildren=\count289
\tikznumberofcurrentchild=\count290
\tikz@fig@count=\count291

("C:\Users\ga010342\AppData\Local\Programs\MiKTeX 2.9\tex\generic\pgf\modules\p
gfmodulematrix.code.tex"
File: pgfmodulematrix.code.tex 2013/09/17  (rcs-revision 1.8)
\pgfmatrixcurrentrow=\count292
\pgfmatrixcurrentcolumn=\count293
\pgf@matrix@numberofcolumns=\count294
)
\tikz@expandcount=\count295

("C:\Users\ga010342\AppData\Local\Programs\MiKTeX 2.9\tex\generic\pgf\frontendl
ayer\tikz\libraries\tikzlibrarytopaths.code.tex"
File: tikzlibrarytopaths.code.tex 2008/06/17 v3.0.1a (rcs-revision 1.2)
)))
("C:\Users\ga010342\AppData\Local\Programs\MiKTeX 2.9\tex\latex\textpos\textpos
.sty"
Package: textpos 2016/06/07 v1.8

Package: textpos 2016/06/07 1.8, absolute positioning of text on the page
\TP@textbox=\box55
\TP@holdbox=\box56
\TPHorizModule=\dimen279
\TPVertModule=\dimen280
\TP@margin=\dimen281
\TP@absmargin=\dimen282
Grid set 16 x 16 = 38.39343pt x 49.68562pt
\TPboxrulesize=\dimen283
\TP@ox=\dimen284
\TP@oy=\dimen285
\TP@tbargs=\toks34
\TP@prevdepth=\dimen286
TextBlockOrigin set to 0pt x 0pt
)
("C:\Users\ga010342\AppData\Local\Programs\MiKTeX 2.9\tex\latex\ms\ragged2e.sty
"
Package: ragged2e 2009/05/21 v2.1 ragged2e Package (MS)

("C:\Users\ga010342\AppData\Local\Programs\MiKTeX 2.9\tex\latex\ms\everysel.sty
"
Package: everysel 2011/10/28 v1.2 EverySelectfont Package (MS)
)
\CenteringLeftskip=\skip49
\RaggedLeftLeftskip=\skip50
\RaggedRightLeftskip=\skip51
\CenteringRightskip=\skip52
\RaggedLeftRightskip=\skip53
\RaggedRightRightskip=\skip54
\CenteringParfillskip=\skip55
\RaggedLeftParfillskip=\skip56
\RaggedRightParfillskip=\skip57
\JustifyingParfillskip=\skip58
\CenteringParindent=\skip59
\RaggedLeftParindent=\skip60
\RaggedRightParindent=\skip61
\JustifyingParindent=\skip62
)
("C:\Users\ga010342\AppData\Local\Programs\MiKTeX 2.9\tex\latex\etoolbox\etoolb
ox.sty"
Package: etoolbox 2018/02/11 v2.5e e-TeX tools for LaTeX (JAW)
\etb@tempcnta=\count296
)
("C:\Users\ga010342\AppData\Local\Programs\MiKTeX 2.9\tex\latex\ifmtarg\ifmtarg
.sty"
Package: ifmtarg 2018/04/16 v1.2b check for an empty argument
)
("C:\Users\ga010342\AppData\Local\Programs\MiKTeX 2.9\tex\latex\base\ifthen.sty
"
Package: ifthen 2014/09/29 v1.1c Standard LaTeX ifthen package (DPC)
)
("C:\Users\ga010342\AppData\Local\Programs\MiKTeX 2.9\tex\latex\marvosym\marvos
ym.sty"
Package: marvosym 2011/07/20 v2.2 Martin Vogel's Symbols font definitions
)
("C:\Users\ga010342\AppData\Local\Programs\MiKTeX 2.9\tex\latex\parskip\parskip
.sty"
Package: parskip 2001/04/09 non-zero parskip adjustments
)
("C:\Users\ga010342\AppData\Local\Programs\MiKTeX 2.9\tex\latex\enumitem\enumit
em.sty"
Package: enumitem 2011/09/28 v3.5.2 Customized lists
\enitkv@toks@=\toks35
\labelindent=\skip63
\enit@outerparindent=\dimen287
\enit@toks=\toks36
\enit@inbox=\box57
\enitdp@description=\count297
)
("C:\Users\ga010342\AppData\Local\Programs\MiKTeX 2.9\tex\latex\hyperref\hyperr
ef.sty"
Package: hyperref 2018/02/06 v6.86b Hypertext links for LaTeX

("C:\Users\ga010342\AppData\Local\Programs\MiKTeX 2.9\tex\generic\oberdiek\hobs
ub-hyperref.sty"
Package: hobsub-hyperref 2016/05/16 v1.14 Bundle oberdiek, subset hyperref (HO)


("C:\Users\ga010342\AppData\Local\Programs\MiKTeX 2.9\tex\generic\oberdiek\hobs
ub-generic.sty"
Package: hobsub-generic 2016/05/16 v1.14 Bundle oberdiek, subset generic (HO)
Package: hobsub 2016/05/16 v1.14 Construct package bundles (HO)
Package: infwarerr 2016/05/16 v1.4 Providing info/warning/error messages (HO)
Package: ltxcmds 2016/05/16 v1.23 LaTeX kernel commands for general use (HO)
Package hobsub Info: Skipping package `ifluatex' (already loaded).
Package: ifvtex 2016/05/16 v1.6 Detect VTeX and its facilities (HO)
Package ifvtex Info: VTeX not detected.
Package: intcalc 2016/05/16 v1.2 Expandable calculations with integers (HO)
Package: ifpdf 2017/03/15 v3.2 Provides the ifpdf switch
Package: etexcmds 2016/05/16 v1.6 Avoid name clashes with e-TeX commands (HO)
Package etexcmds Info: Could not find \expanded.
(etexcmds)             That can mean that you are not using pdfTeX 1.50 or
(etexcmds)             that some package has redefined \expanded.
(etexcmds)             In the latter case, load this package earlier.
Package: kvsetkeys 2016/05/16 v1.17 Key value parser (HO)
Package: kvdefinekeys 2016/05/16 v1.4 Define keys (HO)
Package: pdftexcmds 2018/01/30 v0.27 Utility functions of pdfTeX for LuaTeX (HO
)
Package pdftexcmds Info: LuaTeX not detected.
Package pdftexcmds Info: pdfTeX >= 1.30 not detected.
Package pdftexcmds Info: \pdf@primitive is available.
Package pdftexcmds Info: \pdf@ifprimitive is available.
Package pdftexcmds Info: \pdfdraftmode not found.
Package: pdfescape 2016/05/16 v1.14 Implements pdfTeX's escape features (HO)
Package: bigintcalc 2016/05/16 v1.4 Expandable calculations on big integers (HO
)
Package: bitset 2016/05/16 v1.2 Handle bit-vector datatype (HO)
Package: uniquecounter 2016/05/16 v1.3 Provide unlimited unique counter (HO)
)
Package hobsub Info: Skipping package `hobsub' (already loaded).
Package: letltxmacro 2016/05/16 v1.5 Let assignment for LaTeX macros (HO)
Package: hopatch 2016/05/16 v1.3 Wrapper for package hooks (HO)
Package: xcolor-patch 2016/05/16 xcolor patch
Package: atveryend 2016/05/16 v1.9 Hooks at the very end of document (HO)
Package: atbegshi 2016/06/09 v1.18 At begin shipout hook (HO)
Package: refcount 2016/05/16 v3.5 Data extraction from label references (HO)
Package: hycolor 2016/05/16 v1.8 Color options for hyperref/bookmark (HO)
)
("C:\Users\ga010342\AppData\Local\Programs\MiKTeX 2.9\tex\latex\oberdiek\auxhoo
k.sty"
Package: auxhook 2016/05/16 v1.4 Hooks for auxiliary files (HO)
)
("C:\Users\ga010342\AppData\Local\Programs\MiKTeX 2.9\tex\latex\oberdiek\kvopti
ons.sty"
Package: kvoptions 2016/05/16 v3.12 Key value format for package options (HO)
)
\@linkdim=\dimen288
\Hy@linkcounter=\count298
\Hy@pagecounter=\count299

("C:\Users\ga010342\AppData\Local\Programs\MiKTeX 2.9\tex\latex\hyperref\pd1enc
.def"
File: pd1enc.def 2018/02/06 v6.86b Hyperref: PDFDocEncoding definition (HO)
)
\Hy@SavedSpaceFactor=\count300

("C:\Users\ga010342\AppData\Local\Programs\MiKTeX 2.9\tex\latex\00miktex\hyperr
ef.cfg"
File: hyperref.cfg 2002/06/06 v1.2 hyperref configuration of TeXLive
)
Package hyperref Info: Hyper figures OFF on input line 4509.
Package hyperref Info: Link nesting OFF on input line 4514.
Package hyperref Info: Hyper index ON on input line 4517.
Package hyperref Info: Plain pages OFF on input line 4524.
Package hyperref Info: Backreferencing OFF on input line 4529.
Package hyperref Info: Implicit mode ON; LaTeX internals redefined.
Package hyperref Info: Bookmarks ON on input line 4762.
\c@Hy@tempcnt=\count301

("C:\Users\ga010342\AppData\Local\Programs\MiKTeX 2.9\tex\latex\url\url.sty"
\Urlmuskip=\muskip16
Package: url 2013/09/16  ver 3.4  Verb mode for urls, etc.
)
LaTeX Info: Redefining \url on input line 5115.
\XeTeXLinkMargin=\dimen289
Requested font "pzdr" at 0.00002pt
\Fld@menulength=\count302
\Field@Width=\dimen290
\Fld@charsize=\dimen291
Package hyperref Info: Hyper figures OFF on input line 6369.
Package hyperref Info: Link nesting OFF on input line 6374.
Package hyperref Info: Hyper index ON on input line 6377.
Package hyperref Info: backreferencing OFF on input line 6384.
Package hyperref Info: Link coloring OFF on input line 6389.
Package hyperref Info: Link coloring with OCG OFF on input line 6394.
Package hyperref Info: PDF/A mode OFF on input line 6399.
LaTeX Info: Redefining \ref on input line 6439.
LaTeX Info: Redefining \pageref on input line 6443.
\Hy@abspage=\count303
\c@Item=\count304
\c@Hfootnote=\count305
)
Package hyperref Info: Driver (autodetected): hxetex.

("C:\Users\ga010342\AppData\Local\Programs\MiKTeX 2.9\tex\latex\hyperref\hxetex
.def"
File: hxetex.def 2018/02/06 v6.86b Hyperref driver for XeTeX

("C:\Users\ga010342\AppData\Local\Programs\MiKTeX 2.9\tex\latex\hyperref\puenc.
def"
File: puenc.def 2018/02/06 v6.86b Hyperref: PDF Unicode definition (HO)
)
("C:\Users\ga010342\AppData\Local\Programs\MiKTeX 2.9\tex\generic\oberdiek\stri
ngenc.sty"
Package: stringenc 2016/05/16 v1.11 Convert strings between diff. encodings (HO
)
)
\pdfm@box=\box58
\c@Hy@AnnotLevel=\count306
\HyField@AnnotCount=\count307
\Fld@listcount=\count308
\c@bookmark@seq@number=\count309

("C:\Users\ga010342\AppData\Local\Programs\MiKTeX 2.9\tex\latex\oberdiek\rerunf
ilecheck.sty"
Package: rerunfilecheck 2016/05/16 v1.8 Rerun checks for auxiliary files (HO)
Package uniquecounter Info: New unique counter `rerunfilecheck' on input line 2
82.
)
\Hy@SectionHShift=\skip64
)
("C:\Users\ga010342\AppData\Local\Programs\MiKTeX 2.9\tex\generic\oberdiek\se-a
scii-print.def"
File: se-ascii-print.def 2016/05/16 v1.11 stringenc: Printable ASCII characters

)
Package hyperref Info: Option `colorlinks' set `false' on input line 39.
Requested font "[fonts/segoeuib.ttf]/OT" at 10.0pt
 -> ./fonts/segoeuib.ttf
.................................................
. LaTeX info: "xparse/define-command"
. 
. Defining command \headingfont with sig. '' on line 123.
.................................................
\imagewidth=\skip65
\imagescale=\skip66

("C:\Users\ga010342\AppData\Local\Programs\MiKTeX 2.9\tex\latex\geometry\geomet
ry.sty"
Package: geometry 2018/04/16 v5.8 Page Geometry
\Gm@cnth=\count310
\Gm@cntv=\count311
\c@Gm@tempcnt=\count312
\Gm@bindingoffset=\dimen292
\Gm@wd@mp=\dimen293
\Gm@odd@mp=\dimen294
\Gm@even@mp=\dimen295
\Gm@layoutwidth=\dimen296
\Gm@layoutheight=\dimen297
\Gm@layouthoffset=\dimen298
\Gm@layoutvoffset=\dimen299
\Gm@dimlist=\toks37

("C:\Users\ga010342\AppData\Local\Programs\MiKTeX 2.9\tex\xelatex\xetexconfig\g
eometry.cfg"))
("C:\Users\ga010342\AppData\Local\Programs\MiKTeX 2.9\tex\latex\smartdiagram\sm
artdiagram.sty"
Package: smartdiagram 2016/12/23 v0.3b Automatic creation of smart diagrams fro
m lists of items.

("C:\Users\ga010342\AppData\Local\Programs\MiKTeX 2.9\tex\latex\xstring\xstring
.sty"
("C:\Users\ga010342\AppData\Local\Programs\MiKTeX 2.9\tex\generic\xstring\xstri
ng.tex"
\@xs@message=\write4
\integerpart=\count313
\decimalpart=\count314
)
Package: xstring 2013/10/13  v1.7c  String manipulations (C Tellechea)
)
("C:\Users\ga010342\AppData\Local\Programs\MiKTeX 2.9\tex\generic\pgf\frontendl
ayer\tikz\libraries\tikzlibrarybackgrounds.code.tex"
File: tikzlibrarybackgrounds.code.tex 2013/07/18 v3.0.1a (rcs-revision 1.3)
\pgf@layerbox@background=\box59
\pgf@layerboxsaved@background=\box60
)
("C:\Users\ga010342\AppData\Local\Programs\MiKTeX 2.9\tex\generic\pgf\frontendl
ayer\tikz\libraries\tikzlibrarycalc.code.tex"
File: tikzlibrarycalc.code.tex 2013/07/15 v3.0.1a (rcs-revision 1.9)
)
("C:\Users\ga010342\AppData\Local\Programs\MiKTeX 2.9\tex\generic\pgf\frontendl
ayer\tikz\libraries\tikzlibraryfadings.code.tex"
File: tikzlibraryfadings.code.tex 2009/11/15 v3.0.1a (rcs-revision 1.2)

("C:\Users\ga010342\AppData\Local\Programs\MiKTeX 2.9\tex\generic\pgf\libraries
\pgflibraryfadings.code.tex"
File: pgflibraryfadings.code.tex 2008/02/07 v3.0.1a (rcs-revision 1.3)
))
("C:\Users\ga010342\AppData\Local\Programs\MiKTeX 2.9\tex\generic\pgf\frontendl
ayer\tikz\libraries\tikzlibraryshadows.code.tex"
File: tikzlibraryshadows.code.tex 2008/01/13 v3.0.1a (rcs-revision 1.3)
)
("C:\Users\ga010342\AppData\Local\Programs\MiKTeX 2.9\tex\generic\pgf\frontendl
ayer\tikz\libraries\tikzlibraryshapes.arrows.code.tex"
File: tikzlibraryshapes.arrows.code.tex 2008/01/09 v3.0.1a (rcs-revision 1.1)

("C:\Users\ga010342\AppData\Local\Programs\MiKTeX 2.9\tex\generic\pgf\libraries
\shapes\pgflibraryshapes.arrows.code.tex"
File: pgflibraryshapes.arrows.code.tex 2008/06/26 v3.0.1a (rcs-revision 1.1)
))
("C:\Users\ga010342\AppData\Local\Programs\MiKTeX 2.9\tex\generic\pgf\frontendl
ayer\tikz\libraries\tikzlibraryshapes.symbols.code.tex"
File: tikzlibraryshapes.symbols.code.tex 2008/01/09 v3.0.1a (rcs-revision 1.1)

("C:\Users\ga010342\AppData\Local\Programs\MiKTeX 2.9\tex\generic\pgf\libraries
\shapes\pgflibraryshapes.symbols.code.tex"
File: pgflibraryshapes.symbols.code.tex 2013/09/11 v3.0.1a (rcs-revision 1.6)
))
\pgf@layerbox@smart diagram arrow back=\box61
\pgf@layerboxsaved@smart diagram arrow back=\box62

("C:\Users\ga010342\AppData\Local\Programs\MiKTeX 2.9\tex\latex\smartdiagram\sm
artdiagramlibrarycore.definitions.code.tex"
.................................................
. LaTeX info: "xparse/define-command"
. 
. Defining command \smartdiagramset with sig. 'm' on line 262.
.................................................
)
("C:\Users\ga010342\AppData\Local\Programs\MiKTeX 2.9\tex\latex\smartdiagram\sm
artdiagramlibrarycore.styles.code.tex")
("C:\Users\ga010342\AppData\Local\Programs\MiKTeX 2.9\tex\latex\smartdiagram\sm
artdiagramlibrarycore.commands.code.tex"
.................................................
. LaTeX info: "xparse/define-command"
. 
. Defining command \smartdiagram with sig. 'r[] m' on line 244.
.................................................
.................................................
. LaTeX info: "xparse/define-command"
. 
. Defining command \smartdiagramanimated with sig. 'r[] m' on line 487.
.................................................
))) (template.aux)
\openout1 = `template.aux'.

LaTeX Font Info:    Checking defaults for OML/cmm/m/it on input line 62.
LaTeX Font Info:    ... okay on input line 62.
LaTeX Font Info:    Checking defaults for T1/cmr/m/n on input line 62.
LaTeX Font Info:    ... okay on input line 62.
LaTeX Font Info:    Checking defaults for OT1/cmr/m/n on input line 62.
LaTeX Font Info:    ... okay on input line 62.
LaTeX Font Info:    Checking defaults for OMS/cmsy/m/n on input line 62.
LaTeX Font Info:    ... okay on input line 62.
LaTeX Font Info:    Checking defaults for TU/lmr/m/n on input line 62.
LaTeX Font Info:    ... okay on input line 62.
LaTeX Font Info:    Checking defaults for OMX/cmex/m/n on input line 62.
LaTeX Font Info:    ... okay on input line 62.
LaTeX Font Info:    Checking defaults for U/cmr/m/n on input line 62.
LaTeX Font Info:    ... okay on input line 62.
LaTeX Font Info:    Checking defaults for TS1/cmr/m/n on input line 62.
LaTeX Font Info:    Try loading font information for TS1+cmr on input line 62.

("C:\Users\ga010342\AppData\Local\Programs\MiKTeX 2.9\tex\latex\base\ts1cmr.fd"
File: ts1cmr.fd 2014/09/29 v2.5h Standard LaTeX font definitions
)
LaTeX Font Info:    ... okay on input line 62.
LaTeX Font Info:    Checking defaults for PD1/pdf/m/n on input line 62.
LaTeX Font Info:    ... okay on input line 62.
LaTeX Font Info:    Checking defaults for PU/pdf/m/n on input line 62.
LaTeX Font Info:    ... okay on input line 62.
LaTeX Font Info:    Font shape `TU/ClearSans(0)/m/n' will be
(Font)              scaled to size 10.0pt on input line 62.
Requested font "[ClearSans-Regular.ttf]/OT:script=latn;language=DFLT;mapping=te
x-text;" at 10.0pt
 -> C:/Users/ga010342/AppData/Local/Programs/MiKTeX 2.9/fonts/truetype/intel/cl
earsans/ClearSans-Regular.ttf
\symlegacymaths=\mathgroup4
LaTeX Font Info:    Overwriting symbol font `legacymaths' in version `bold'
(Font)                  OT1/cmr/m/n --> OT1/cmr/bx/n on input line 62.
LaTeX Font Info:    Redeclaring math accent \acute on input line 62.
LaTeX Font Info:    Redeclaring math accent \grave on input line 62.
LaTeX Font Info:    Redeclaring math accent \ddot on input line 62.
LaTeX Font Info:    Redeclaring math accent \tilde on input line 62.
LaTeX Font Info:    Redeclaring math accent \bar on input line 62.
LaTeX Font Info:    Redeclaring math accent \breve on input line 62.
LaTeX Font Info:    Redeclaring math accent \check on input line 62.
LaTeX Font Info:    Redeclaring math accent \hat on input line 62.
LaTeX Font Info:    Redeclaring math accent \dot on input line 62.
LaTeX Font Info:    Redeclaring math accent \mathring on input line 62.
LaTeX Font Info:    Redeclaring math symbol \colon on input line 62.
LaTeX Font Info:    Redeclaring math symbol \Gamma on input line 62.
LaTeX Font Info:    Redeclaring math symbol \Delta on input line 62.
LaTeX Font Info:    Redeclaring math symbol \Theta on input line 62.
LaTeX Font Info:    Redeclaring math symbol \Lambda on input line 62.
LaTeX Font Info:    Redeclaring math symbol \Xi on input line 62.
LaTeX Font Info:    Redeclaring math symbol \Pi on input line 62.
LaTeX Font Info:    Redeclaring math symbol \Sigma on input line 62.
LaTeX Font Info:    Redeclaring math symbol \Upsilon on input line 62.
LaTeX Font Info:    Redeclaring math symbol \Phi on input line 62.
LaTeX Font Info:    Redeclaring math symbol \Psi on input line 62.
LaTeX Font Info:    Redeclaring math symbol \Omega on input line 62.
LaTeX Font Info:    Redeclaring math symbol \mathdollar on input line 62.
LaTeX Font Info:    Redeclaring symbol font `operators' on input line 62.
LaTeX Font Info:    Encoding `OT1' has changed to `TU' for symbol font
(Font)              `operators' in the math version `normal' on input line 62.
LaTeX Font Info:    Overwriting symbol font `operators' in version `normal'
(Font)                  OT1/cmr/m/n --> TU/lmr/m/n on input line 62.
LaTeX Font Info:    Encoding `OT1' has changed to `TU' for symbol font
(Font)              `operators' in the math version `bold' on input line 62.
LaTeX Font Info:    Overwriting symbol font `operators' in version `bold'
(Font)                  OT1/cmr/bx/n --> TU/lmr/m/n on input line 62.
LaTeX Font Info:    Overwriting symbol font `operators' in version `normal'
(Font)                  TU/lmr/m/n --> TU/lmr/m/n on input line 62.
LaTeX Font Info:    Overwriting math alphabet `\mathit' in version `normal'
(Font)                  OT1/cmr/m/it --> TU/lmr/m/it on input line 62.
LaTeX Font Info:    Overwriting math alphabet `\mathbf' in version `normal'
(Font)                  OT1/cmr/bx/n --> TU/lmr/bx/n on input line 62.
LaTeX Font Info:    Overwriting math alphabet `\mathsf' in version `normal'
(Font)                  OT1/cmss/m/n --> TU/ClearSans(0)/m/n on input line 62.
LaTeX Font Info:    Overwriting math alphabet `\mathtt' in version `normal'
(Font)                  OT1/cmtt/m/n --> TU/lmtt/m/n on input line 62.
LaTeX Font Info:    Overwriting symbol font `operators' in version `bold'
(Font)                  TU/lmr/m/n --> TU/lmr/bx/n on input line 62.
LaTeX Font Info:    Overwriting math alphabet `\mathit' in version `bold'
(Font)                  OT1/cmr/bx/it --> TU/lmr/bx/it on input line 62.
LaTeX Font Info:    Overwriting math alphabet `\mathsf' in version `bold'
(Font)                  OT1/cmss/bx/n --> TU/ClearSans(0)/bx/n on input line 62
.
LaTeX Font Info:    Overwriting math alphabet `\mathtt' in version `bold'
(Font)                  OT1/cmtt/m/n --> TU/lmtt/bx/n on input line 62.
 ABD: EveryShipout initializing macros
ABD: EverySelectfont initializing macros
LaTeX Info: Redefining \selectfont on input line 62.
\AtBeginShipoutBox=\box63
Package hyperref Info: Link coloring OFF on input line 62.

("C:\Users\ga010342\AppData\Local\Programs\MiKTeX 2.9\tex\latex\hyperref\namere
f.sty"
Package: nameref 2016/05/21 v2.44 Cross-referencing by name of section

("C:\Users\ga010342\AppData\Local\Programs\MiKTeX 2.9\tex\generic\oberdiek\gett
itlestring.sty"
Package: gettitlestring 2016/05/16 v1.5 Cleanup title references (HO)
)
\c@section@level=\count315
)
LaTeX Info: Redefining \ref on input line 62.
LaTeX Info: Redefining \pageref on input line 62.
LaTeX Info: Redefining \nameref on input line 62.
 (template.out) (template.out)
\@outlinefile=\write5
\openout5 = `template.out'.


*geometry* detected driver: pdftex
*geometry* verbose mode - [ preamble ] result:
* driver: pdftex
* paper: letterpaper
* layout: <same size as paper>
* layoutoffset:(h,v)=(0.0pt,0.0pt)
* modes: 
* h-part:(L,W,R)=(216.2411pt, 369.60115pt, 28.45274pt)
* v-part:(T,H,B)=(2.84544pt, 789.2791pt, 2.84544pt)
* \paperwidth=614.295pt
* \paperheight=794.96999pt
* \textwidth=369.60115pt
* \textheight=789.2791pt
* \oddsidemargin=143.97112pt
* \evensidemargin=143.97112pt
* \topmargin=-69.42455pt
* \headheight=0.0pt
* \headsep=0.0pt
* \topskip=10.0pt
* \footskip=0.0pt
* \marginparwidth=65.0pt
* \marginparsep=11.0pt
* \columnsep=10.0pt
* \skip\footins=9.0pt plus 4.0pt minus 2.0pt
* \hoffset=0.0pt
* \voffset=0.0pt
* \mag=1000
* \@twocolumnfalse
* \@twosidefalse
* \@mparswitchfalse
* \@reversemarginfalse
* (1in=72.27pt=25.4mm, 1cm=28.453pt)

LaTeX Font Info:    Font shape `TU/ClearSans(0)/m/n' will be
(Font)              scaled to size 24.88pt on input line 64.
Requested font "[ClearSans-Regular.ttf]/OT:script=latn;language=DFLT;mapping=te
x-text;" at 24.88pt
 -> C:/Users/ga010342/AppData/Local/Programs/MiKTeX 2.9/fonts/truetype/intel/cl
earsans/ClearSans-Regular.ttf
LaTeX Font Info:    Font shape `TU/ClearSans(0)/m/n' will be
(Font)              scaled to size 14.4pt on input line 64.
Requested font "[ClearSans-Regular.ttf]/OT:script=latn;language=DFLT;mapping=te
x-text;" at 14.4pt
 -> C:/Users/ga010342/AppData/Local/Programs/MiKTeX 2.9/fonts/truetype/intel/cl
earsans/ClearSans-Regular.ttf
Requested font "[lmroman7-regular]:mapping=tex-text;" at 7.0pt
 -> C:/Users/ga010342/AppData/Local/Programs/MiKTeX 2.9/fonts/opentype/public/l
m/lmroman7-regular.otf
Requested font "[lmroman5-regular]:mapping=tex-text;" at 5.0pt
 -> C:/Users/ga010342/AppData/Local/Programs/MiKTeX 2.9/fonts/opentype/public/l
m/lmroman5-regular.otf
LaTeX Font Info:    External font `cmex10' loaded for size
(Font)              <7> on input line 64.
LaTeX Font Info:    External font `cmex10' loaded for size
(Font)              <5> on input line 64.

LaTeX Font Warning: Command \Huge invalid in math mode on input line 64.

Requested font "FontAwesome/OT" at 24.88pt
 -> C:/Users/ga010342/AppData/Local/Programs/MiKTeX 2.9/fonts/opentype/public/f
ontawesome/FontAwesome.otf

Overfull \hbox (3.57698pt too wide) in paragraph at lines 64--64
[]$[]$| 
 []


LaTeX Font Warning: Command \huge invalid in math mode on input line 64.

LaTeX Font Info:    Font shape `TU/ClearSans(0)/m/n' will be
(Font)              scaled to size 20.74pt on input line 64.
Requested font "[ClearSans-Regular.ttf]/OT:script=latn;language=DFLT;mapping=te
x-text;" at 20.74pt
 -> C:/Users/ga010342/AppData/Local/Programs/MiKTeX 2.9/fonts/truetype/intel/cl
earsans/ClearSans-Regular.ttf
Requested font "FontAwesome/OT" at 20.74pt
 -> C:/Users/ga010342/AppData/Local/Programs/MiKTeX 2.9/fonts/opentype/public/f
ontawesome/FontAwesome.otf

Overfull \hbox (9.40044pt too wide) in paragraph at lines 64--64
[]$[]$| 
 []


LaTeX Font Warning: Command \huge invalid in math mode on input line 64.


Overfull \hbox (7.85725pt too wide) in paragraph at lines 64--64
[]$[]$| 
 []


Overfull \hbox (14.22643pt too wide) in paragraph at lines 64--64
[][] 
 []


Overfull \hbox (6.80759pt too wide) in paragraph at lines 64--64
[]\TU/ClearSans(0)/m/n/20.74 Technical Skills [][] 
 []

LaTeX Font Info:    Font shape `TU/ClearSans(0)/m/n' will be
(Font)              scaled to size 12.0pt on input line 64.
Requested font "[ClearSans-Regular.ttf]/OT:script=latn;language=DFLT;mapping=te
x-text;" at 12.0pt
 -> C:/Users/ga010342/AppData/Local/Programs/MiKTeX 2.9/fonts/truetype/intel/cl
earsans/ClearSans-Regular.ttf
LaTeX Font Info:    Font shape `TU/ClearSans(0)/bx/n' will be
(Font)              scaled to size 12.0pt on input line 64.
Requested font "[ClearSans-Bold.ttf]/OT:script=latn;language=DFLT;mapping=tex-t
ext;" at 12.0pt
 -> C:/Users/ga010342/AppData/Local/Programs/MiKTeX 2.9/fonts/truetype/intel/cl
earsans/ClearSans-Bold.ttf
LaTeX Font Info:    Font shape `TU/ClearSans(0)/m/n' will be
(Font)              scaled to size 8.0pt on input line 64.
Requested font "[ClearSans-Regular.ttf]/OT:script=latn;language=DFLT;mapping=te
x-text;" at 8.0pt
 -> C:/Users/ga010342/AppData/Local/Programs/MiKTeX 2.9/fonts/truetype/intel/cl
earsans/ClearSans-Regular.ttf
LaTeX Font Info:    Font shape `TU/ClearSans(0)/bx/n' will be
(Font)              scaled to size 8.0pt on input line 64.
Requested font "[ClearSans-Bold.ttf]/OT:script=latn;language=DFLT;mapping=tex-t
ext;" at 8.0pt
 -> C:/Users/ga010342/AppData/Local/Programs/MiKTeX 2.9/fonts/truetype/intel/cl
earsans/ClearSans-Bold.ttf

LaTeX Warning: Command \textbullet invalid in math mode on input line 64.


LaTeX Warning: Command \textbullet invalid in math mode on input line 64.


LaTeX Warning: Command \textbullet invalid in math mode on input line 64.


LaTeX Warning: Command \textbullet invalid in math mode on input line 64.

Requested font "[lmroman12-regular]:mapping=tex-text;" at 12.0pt
 -> C:/Users/ga010342/AppData/Local/Programs/MiKTeX 2.9/fonts/opentype/public/l
m/lmroman12-regular.otf
Requested font "[lmroman8-regular]:mapping=tex-text;" at 8.0pt
 -> C:/Users/ga010342/AppData/Local/Programs/MiKTeX 2.9/fonts/opentype/public/l
m/lmroman8-regular.otf
Requested font "[lmroman6-regular]:mapping=tex-text;" at 6.0pt
 -> C:/Users/ga010342/AppData/Local/Programs/MiKTeX 2.9/fonts/opentype/public/l
m/lmroman6-regular.otf
Requested font "cmmi12" at 12.0pt
Requested font "cmmi8" at 8.0pt
Requested font "cmmi6" at 6.0pt
Requested font "cmsy10" at 12.0pt
Requested font "cmsy8" at 8.0pt
Requested font "cmsy6" at 6.0pt
LaTeX Font Info:    External font `cmex10' loaded for size
(Font)              <12> on input line 64.
LaTeX Font Info:    External font `cmex10' loaded for size
(Font)              <8> on input line 64.
LaTeX Font Info:    External font `cmex10' loaded for size
(Font)              <6> on input line 64.
Requested font "cmr12" at 12.0pt
Requested font "cmr8" at 8.0pt
Requested font "cmr6" at 6.0pt

LaTeX Warning: Command \textbullet invalid in math mode on input line 64.


LaTeX Warning: Command \textbullet invalid in math mode on input line 64.


Overfull \hbox (6.43414pt too wide) in paragraph at lines 64--64
[][] 
 []


Overfull \hbox (11.14832pt too wide) in paragraph at lines 64--64
[]\TU/ClearSans(0)/m/n/20.74 Education [][] 
 []

LaTeX Font Info:    Font shape `TU/ClearSans(0)/bx/n' will be
(Font)              scaled to size 10.0pt on input line 64.
Requested font "[ClearSans-Bold.ttf]/OT:script=latn;language=DFLT;mapping=tex-t
ext;" at 10.0pt
 -> C:/Users/ga010342/AppData/Local/Programs/MiKTeX 2.9/fonts/truetype/intel/cl
earsans/ClearSans-Bold.ttf

Overfull \hbox (11.96976pt too wide) in paragraph at lines 64--64
[]\TU/ClearSans(0)/bx/n/10 BEng., Computer Engineering \TU/ClearSans(0)/m/n/10 
(GPA: 4.0) 
 []

LaTeX Font Info:    Font shape `TU/ClearSans(0)/m/n' will be
(Font)              scaled to size 17.28pt on input line 70.
Requested font "[ClearSans-Regular.ttf]/OT:script=latn;language=DFLT;mapping=te
x-text;" at 17.28pt
 -> C:/Users/ga010342/AppData/Local/Programs/MiKTeX 2.9/fonts/truetype/intel/cl
earsans/ClearSans-Regular.ttf
Requested font "[fonts/segoeuib.ttf]/OT:script=latn;language=DFLT;" at 17.28pt
 -> ./fonts/segoeuib.ttf

Underfull \hbox (badness 10000) in paragraph at lines 72--133

 []


Underfull \hbox (badness 10000) in paragraph at lines 138--154

 []

[1

]
Package atveryend Info: Empty hook `BeforeClearDocument' on input line 158.
Package atveryend Info: Empty hook `AfterLastShipout' on input line 158.
 (template.aux)
Package atveryend Info: Empty hook `AtVeryEndDocument' on input line 158.
Package atveryend Info: Executing hook `AtEndAfterFileList' on input line 158.
Package rerunfilecheck Info: File `template.out' has not changed.
(rerunfilecheck)             Checksum: D41D8CD98F00B204E9800998ECF8427E.
 ) 
Here is how much of TeX's memory you used:
 35245 strings out of 427798
 674161 string characters out of 3147262
 813864 words of memory out of 3000000
 38815 multiletter control sequences out of 15000+200000
 535674 words of font info for 64 fonts, out of 3000000 for 9000
 1328 hyphenation exceptions out of 8191
 61i,17n,75p,800b,771s stack positions out of 5000i,500n,10000p,200000b,50000s

Output written on template.pdf (1 page).
